<?xml version="1.0" encoding="UTF-8"?>
<!-- Generated by org.testng.reporters.JUnitReportReporter -->
<testsuite hostname="DESKTOP-1D6MK40" failures="0" tests="1" name="testRunner.TestngTestRunner" time="18.049" errors="1" timestamp="2024-03-01T18:06:38 IST" skipped="0">
  <testcase classname="testRunner.TestngTestRunner" name="runScenario" time="18.049">
    <error message="Unable to find element with locator By.xpath: (//div[@class=&#039;oxd-table-cell oxd-padding-cell&#039;]/div)[2]
For documentation on this error, please visit: https://selenium.dev/exceptions/#no_such_element
Build info: version: &#039;4.8.2&#039;, revision: &#039;826dbfc730&#039;
System info: os.name: &#039;Windows 10&#039;, os.arch: &#039;amd64&#039;, os.version: &#039;10.0&#039;, java.version: &#039;21.0.2&#039;
Driver info: driver.version: RemoteWebDriver" type="org.openqa.selenium.NoSuchElementException">
      <![CDATA[org.openqa.selenium.NoSuchElementException: Unable to find element with locator By.xpath: (//div[@class='oxd-table-cell oxd-padding-cell']/div)[2]
For documentation on this error, please visit: https://selenium.dev/exceptions/#no_such_element
Build info: version: '4.8.2', revision: '826dbfc730'
System info: os.name: 'Windows 10', os.arch: 'amd64', os.version: '10.0', java.version: '21.0.2'
Driver info: driver.version: RemoteWebDriver
at org.openqa.selenium.remote.ElementLocation$ElementFinder$2.findElement(ElementLocation.java:165)
at org.openqa.selenium.remote.ElementLocation.findElement(ElementLocation.java:60)
at org.openqa.selenium.remote.RemoteWebDriver.findElement(RemoteWebDriver.java:352)
at org.openqa.selenium.remote.RemoteWebDriver.findElement(RemoteWebDriver.java:344)
at utilities.SeleniumMethods.getText(SeleniumMethods.java:61)
at pageObjects.AdminPage.textreturn(AdminPage.java:149)
at stepDefinitions.AdminStepDef.the_specific_user_details_are_updated_accordingly(AdminStepDef.java:111)
at âœ½.the specific user details are updated accordingly(file:///C:/Users/om.patel/Downloads/BDD_Framework-master/BDD_Framework-master/./features/02Admin.feature:32)
]]>
    </error>
  </testcase> <!-- runScenario -->
  <system-out/>
</testsuite> <!-- testRunner.TestngTestRunner -->
